[2025-11-11T14:11:26.439692+0300 - WARNING]
[2025-11-11T14:11:27.312729+0300 - INFO]
[2025-11-11T14:11:27.370055+0300 - WARNING]
[2025-11-11T14:15:34.989132+0300 - INFO]
[2025-11-11T14:15:35.058619+0300 - WARNING]
[2025-11-11T14:21:49.470893+0300 - INFO - Request to / successfully accessed!]
[2025-11-11T14:21:49.557498+0300 - WARNING - Request to /favicon.ico failed]
[2025-11-11T14:22:13.933383+0300 - INFO - Request to / successfully accessed!]
[2025-11-11T14:22:14.006502+0300 - WARNING - Request to /favicon.ico failed]
[2025-11-11T14:22:25.693276+0300 - INFO - Request to /docs successfully accessed!]
[2025-11-11T14:22:25.875309+0300 - INFO - Request to /openapi.json successfully accessed!]
[2025-11-11T14:22:33.450938+0300 - INFO - Request to / successfully accessed!]
[2025-11-11T15:16:30.161050+0300 - INFO - Request to / successfully accessed!]
[2025-11-11T15:16:30.232800+0300 - WARNING - Request to /favicon.ico failed]
[2025-11-11T15:17:57.057246+0300 - INFO - Request to / successfully accessed!]
[2025-11-11T15:18:00.643148+0300 - INFO - Request to /docs successfully accessed!]
[2025-11-11T15:18:01.032392+0300 - INFO - Request to /openapi.json successfully accessed!]
[2025-11-11T15:18:10.525530+0300 - INFO - Эндпойнт для получения списка всех пользователей!]
[2025-11-11T15:18:10.671819+0300 - ERROR - Request to /users/ failed: connection was closed in the middle of operation]
[2025-11-11T15:29:01.287886+0300 - INFO - Request to /docs successfully accessed!]
[2025-11-11T15:29:02.026819+0300 - INFO - Request to /openapi.json successfully accessed!]
[2025-11-11T15:29:05.214935+0300 - INFO - Эндпойнт для получения списка всех пользователей!]
[2025-11-11T15:29:05.255966+0300 - ERROR - Request to /users/ failed: (sqlite3.OperationalError) no such table: users
[SQL: SELECT users.id, users.username, users.hashed_password, users.is_active, users.fio, users.role, users.data_registred, users.is_guest, users.is_employee, users.is_admin 
FROM users 
WHERE users.is_active = 1]
(Background on this error at: https://sqlalche.me/e/20/e3q8)]
[2025-11-11T15:30:51.292875+0300 - INFO - Request to /docs successfully accessed!]
[2025-11-11T15:31:02.933935+0300 - INFO - Request to / successfully accessed!]
[2025-11-11T15:31:02.992317+0300 - WARNING - Request to /favicon.ico failed]
[2025-11-11T15:31:07.607974+0300 - INFO - Request to / successfully accessed!]
[2025-11-11T15:31:07.654865+0300 - WARNING - Request to /favicon.ico failed]
[2025-11-11T15:31:12.147832+0300 - INFO - Request to /docs successfully accessed!]
[2025-11-11T15:31:12.706763+0300 - INFO - Request to /openapi.json successfully accessed!]
[2025-11-11T15:31:16.079205+0300 - INFO - Эндпойнт для получения списка всех пользователей!]
[2025-11-11T15:31:16.098042+0300 - ERROR - Request to /users/ failed: (sqlite3.OperationalError) no such table: users
[SQL: SELECT users.id, users.username, users.hashed_password, users.is_active, users.fio, users.role, users.data_registred, users.is_guest, users.is_employee, users.is_admin 
FROM users 
WHERE users.is_active = 1]
(Background on this error at: https://sqlalche.me/e/20/e3q8)]
[2025-11-11T15:36:48.142246+0300 - INFO - Request to /docs successfully accessed!]
[2025-11-11T15:36:49.064057+0300 - INFO - Request to /openapi.json successfully accessed!]
[2025-11-11T15:36:51.962103+0300 - INFO - Эндпойнт для получения списка всех пользователей!]
[2025-11-11T15:36:51.974155+0300 - ERROR - Request to /users/ failed: (sqlite3.OperationalError) no such table: users
[SQL: SELECT users.id, users.username, users.hashed_password, users.is_active, users.fio, users.role, users.data_registred, users.is_guest, users.is_employee, users.is_admin 
FROM users 
WHERE users.is_active = 1]
(Background on this error at: https://sqlalche.me/e/20/e3q8)]
[2025-11-11T15:46:10.723621+0300 - INFO - Request to / successfully accessed!]
[2025-11-11T15:46:10.798116+0300 - WARNING - Request to /favicon.ico failed]
[2025-11-11T15:46:14.171482+0300 - INFO - Request to /docs successfully accessed!]
[2025-11-11T15:46:14.506744+0300 - INFO - Request to /openapi.json successfully accessed!]
[2025-11-11T15:46:19.381664+0300 - INFO - Эндпойнт для получения списка всех пользователей!]
[2025-11-11T15:46:19.397457+0300 - INFO - Получены активные пользователи из БД]
[2025-11-11T15:46:19.423797+0300 - INFO - Request to /users/ successfully accessed!]
[2025-11-11T15:47:35.992924+0300 - INFO - Request to /docs successfully accessed!]
[2025-11-11T15:47:36.543873+0300 - INFO - Request to /openapi.json successfully accessed!]
[2025-11-11T15:47:39.520042+0300 - INFO - Эндпойнт для получения списка всех пользователей!]
[2025-11-11T15:47:39.557843+0300 - INFO - Получены активные пользователи из БД]
[2025-11-11T15:47:39.560412+0300 - INFO - Request to /users/ successfully accessed!]
[2025-11-11T15:57:56.831578+0300 - INFO - Request to /docs successfully accessed!]
[2025-11-11T15:57:57.524903+0300 - INFO - Request to /openapi.json successfully accessed!]
[2025-11-11T15:57:59.975915+0300 - INFO - Эндпойнт для получения списка всех пользователей!]
[2025-11-11T15:57:59.988784+0300 - INFO - Получены активные пользователи из БД]
[2025-11-11T15:57:59.991707+0300 - INFO - Request to /users/ successfully accessed!]
[2025-11-11T15:58:33.237940+0300 - INFO - Эндпоинт по созданию пользователя!]
[2025-11-11T15:58:33.246878+0300 - ERROR - Request to /users/ failed: (sqlite3.IntegrityError) NOT NULL constraint failed: users.role
[SQL: INSERT INTO users (username, hashed_password, is_active, fio, role, data_registred, is_guest, is_employee, is_admin) VALUES (?, ?, ?, ?, ?, ?, ?, ?, ?)]
[parameters: ('pupsik', '', 1, 'Янаков Дмитрий Иванович', None, '2025-11-11 15:58:33.244995', 1, 0, 0)]
(Background on this error at: https://sqlalche.me/e/20/gkpj)]
[2025-11-11T16:01:34.022294+0300 - INFO - Request to /docs successfully accessed!]
[2025-11-11T16:01:34.358590+0300 - INFO - Request to /openapi.json successfully accessed!]
[2025-11-11T16:03:01.010901+0300 - INFO - Эндпоинт по созданию пользователя!]
[2025-11-11T16:03:01.021486+0300 - ERROR - Request to /users/ failed: (sqlite3.IntegrityError) NOT NULL constraint failed: users.role
[SQL: INSERT INTO users (username, hashed_password, is_active, fio, role, data_registred, is_guest, is_employee, is_admin) VALUES (?, ?, ?, ?, ?, ?, ?, ?, ?)]
[parameters: ('pupsik', '123456', 1, 'Янаков Дмитро Иванов', None, '2025-11-11 16:03:01.019386', 1, 0, 0)]
(Background on this error at: https://sqlalche.me/e/20/gkpj)]
[2025-11-11T16:03:29.504714+0300 - INFO - Request to /docs successfully accessed!]
[2025-11-11T16:03:29.827891+0300 - INFO - Request to /openapi.json successfully accessed!]
[2025-11-11T16:03:55.654613+0300 - INFO - Эндпоинт по созданию пользователя!]
[2025-11-11T16:03:55.686514+0300 - ERROR - Request to /users/ failed: 'password' is an invalid keyword argument for User]
[2025-11-11T16:05:22.150172+0300 - INFO - Request to /docs successfully accessed!]
[2025-11-11T16:05:22.435544+0300 - INFO - Request to /openapi.json successfully accessed!]
[2025-11-11T16:05:40.352777+0300 - INFO - Эндпоинт по созданию пользователя!]
[2025-11-11T16:05:40.370720+0300 - ERROR - Request to /users/ failed: (sqlite3.IntegrityError) NOT NULL constraint failed: users.role
[SQL: INSERT INTO users (username, hashed_password, is_active, fio, role, data_registred, is_guest, is_employee, is_admin) VALUES (?, ?, ?, ?, ?, ?, ?, ?, ?)]
[parameters: ('pupsichek', '123456789', 1, 'Янаков Дмитрий Иванович', None, '2025-11-11 16:05:40.367401', 1, 0, 0)]
(Background on this error at: https://sqlalche.me/e/20/gkpj)]
[2025-11-11T16:07:46.154814+0300 - INFO - Request to /docs successfully accessed!]
[2025-11-11T16:07:47.057673+0300 - INFO - Request to /openapi.json successfully accessed!]
[2025-11-11T16:08:09.047706+0300 - INFO - Эндпоинт по созданию пользователя!]
[2025-11-11T16:08:09.091287+0300 - INFO - Новый пользователь был создан!]
[2025-11-11T16:08:09.095400+0300 - INFO - Request to /users/ successfully accessed!]
[2025-11-11T16:08:35.754884+0300 - INFO - Эндпойнт для получения списка всех пользователей!]
[2025-11-11T16:08:35.759009+0300 - INFO - Получены активные пользователи из БД]
[2025-11-11T16:08:35.760301+0300 - INFO - Request to /users/ successfully accessed!]
[2025-11-11T18:40:10.279639+0300 - INFO - Request to / successfully accessed!]
[2025-11-11T18:40:10.424456+0300 - WARNING - Request to /favicon.ico failed]
[2025-11-11T18:40:18.929925+0300 - INFO - Request to /docs successfully accessed!]
[2025-11-11T18:40:19.324630+0300 - INFO - Request to /openapi.json successfully accessed!]
[2025-11-11T18:40:32.032765+0300 - INFO - Эндпоинт для получения списка всех пользователей!]
[2025-11-11T18:40:32.071214+0300 - INFO - Получены активные пользователи из БД]
[2025-11-11T18:40:32.078605+0300 - INFO - Request to /users/ successfully accessed!]
[2025-11-11T18:41:02.376255+0300 - INFO - Вход в эндпойнт аутентификации пользователя!]
[2025-11-11T18:41:02.383279+0300 - INFO - Проверка введённого пароля с хешированным в БД!]
[2025-11-11T18:41:02.386364+0300 - ERROR - Request to /users/token failed: hash could not be identified]
[2025-11-11T18:44:31.937874+0300 - INFO - Эндпоинт по созданию пользователя!]
[2025-11-11T18:44:31.941723+0300 - INFO - Хеширования пароля в БД!]
[2025-11-11T18:44:32.121269+0300 - ERROR - Request to /users/ failed: password cannot be longer than 72 bytes, truncate manually if necessary (e.g. my_password[:72])]
[2025-11-11T18:48:46.496959+0300 - INFO - Request to /docs successfully accessed!]
[2025-11-11T18:48:47.655427+0300 - INFO - Request to /openapi.json successfully accessed!]
[2025-11-11T18:49:21.861859+0300 - INFO - Эндпоинт по созданию пользователя!]
[2025-11-11T18:49:21.893076+0300 - INFO - Хеширования пароля в БД!]
[2025-11-11T18:49:21.951749+0300 - ERROR - Request to /users/ failed: password cannot be longer than 72 bytes, truncate manually if necessary (e.g. my_password[:72])]
[2025-11-11T18:51:37.305138+0300 - INFO - Request to /docs successfully accessed!]
[2025-11-11T18:51:38.262527+0300 - INFO - Request to /openapi.json successfully accessed!]
[2025-11-11T18:51:46.237404+0300 - INFO - Эндпоинт по созданию пользователя!]
[2025-11-11T18:51:46.254686+0300 - INFO - Хеширования пароля в БД!]
[2025-11-11T18:51:46.275237+0300 - ERROR - Request to /users/ failed: password cannot be longer than 72 bytes, truncate manually if necessary (e.g. my_password[:72])]
[2025-11-11T18:57:33.134816+0300 - INFO - Request to /docs successfully accessed!]
[2025-11-11T18:57:33.755744+0300 - INFO - Request to /openapi.json successfully accessed!]
[2025-11-11T18:57:40.486952+0300 - INFO - Эндпоинт по созданию пользователя!]
[2025-11-11T18:57:40.497510+0300 - INFO - Хеширования пароля в БД!]
[2025-11-11T18:57:40.581283+0300 - ERROR - Request to /users/ failed: password cannot be longer than 72 bytes, truncate manually if necessary (e.g. my_password[:72])]
[2025-11-11T18:58:24.170124+0300 - INFO - Request to /docs successfully accessed!]
[2025-11-11T18:58:24.418912+0300 - INFO - Request to /openapi.json successfully accessed!]
[2025-11-11T18:58:31.420955+0300 - INFO - Эндпоинт по созданию пользователя!]
[2025-11-11T18:58:31.431428+0300 - INFO - Хеширования пароля в БД!]
[2025-11-11T18:58:31.442488+0300 - ERROR - Request to /users/ failed: password cannot be longer than 72 bytes, truncate manually if necessary (e.g. my_password[:72])]
[2025-11-11T18:59:47.966807+0300 - INFO - Request to /docs successfully accessed!]
[2025-11-11T18:59:48.196993+0300 - INFO - Request to /openapi.json successfully accessed!]
[2025-11-11T19:00:27.526083+0300 - INFO - Эндпоинт по созданию пользователя!]
[2025-11-11T19:00:27.533821+0300 - INFO - Хеширования пароля в БД!]
[2025-11-11T19:00:27.546076+0300 - ERROR - Request to /users/ failed: password cannot be longer than 72 bytes, truncate manually if necessary (e.g. my_password[:72])]
[2025-11-11T19:01:30.515476+0300 - INFO - Request to /docs successfully accessed!]
[2025-11-11T19:01:30.788756+0300 - INFO - Request to /openapi.json successfully accessed!]
[2025-11-11T19:02:04.127603+0300 - INFO - Эндпоинт по созданию пользователя!]
[2025-11-11T19:02:04.140835+0300 - INFO - Хеширования пароля в БД!]
[2025-11-11T19:02:04.228868+0300 - ERROR - Request to /users/ failed: password cannot be longer than 72 bytes, truncate manually if necessary (e.g. my_password[:72])]
[2025-11-11T19:04:27.868885+0300 - INFO - Request to /docs successfully accessed!]
[2025-11-11T19:04:38.378825+0300 - INFO - Request to /openapi.json successfully accessed!]
[2025-11-11T19:04:44.492210+0300 - INFO - Эндпоинт по созданию пользователя!]
[2025-11-11T19:04:44.503705+0300 - INFO - Хеширования пароля в БД!]
[2025-11-11T19:04:44.562464+0300 - ERROR - Request to /users/ failed: password cannot be longer than 72 bytes, truncate manually if necessary (e.g. my_password[:72])]
[2025-11-11T19:06:41.099172+0300 - INFO - Request to /docs successfully accessed!]
[2025-11-11T19:06:41.679488+0300 - INFO - Request to /openapi.json successfully accessed!]
[2025-11-11T19:06:49.338250+0300 - INFO - Эндпоинт по созданию пользователя!]
[2025-11-11T19:06:49.347425+0300 - INFO - Хеширования пароля в БД!]
[2025-11-11T19:06:49.412676+0300 - ERROR - Request to /users/ failed: password cannot be longer than 72 bytes, truncate manually if necessary (e.g. my_password[:72])]
[2025-11-11T19:08:07.680014+0300 - INFO - Request to /docs successfully accessed!]
[2025-11-11T19:08:08.347291+0300 - INFO - Request to /openapi.json successfully accessed!]
[2025-11-11T19:08:14.169674+0300 - INFO - Эндпоинт по созданию пользователя!]
[2025-11-11T19:08:14.181294+0300 - INFO - Хеширования пароля в БД!]
[2025-11-11T19:08:14.189891+0300 - ERROR - Request to /users/ failed: password cannot be longer than 72 bytes, truncate manually if necessary (e.g. my_password[:72])]
[2025-11-11T19:09:25.970975+0300 - INFO - Request to /docs successfully accessed!]
[2025-11-11T19:09:26.214172+0300 - INFO - Request to /openapi.json successfully accessed!]
[2025-11-11T19:09:31.472454+0300 - INFO - Эндпоинт по созданию пользователя!]
[2025-11-11T19:09:31.481977+0300 - INFO - Хеширования пароля в БД!]
[2025-11-11T19:09:31.795469+0300 - INFO - Новый пользователь был создан!]
[2025-11-11T19:09:31.797198+0300 - INFO - Request to /users/ successfully accessed!]
[2025-11-11T19:10:04.155020+0300 - INFO - Вход в эндпойнт аутентификации пользователя!]
[2025-11-11T19:10:04.160102+0300 - INFO - Проверка введённого пароля с хешированным в БД!]
[2025-11-11T19:10:04.351198+0300 - INFO - Создание access-токена!]
[2025-11-11T19:10:04.351972+0300 - INFO - Вход в эндпойнт с созданием access-токена!]
[2025-11-11T19:10:04.352334+0300 - INFO - Был создан access-токен на основе {'sub': 'pupsik', 'role': 'guest', 'id': 2, 'exp': datetime.datetime(2025, 11, 11, 16, 40, 4, 352293, tzinfo=datetime.timezone.utc)}]
[2025-11-11T19:10:04.353116+0300 - INFO - Создание refresh-токена!]
[2025-11-11T19:10:04.353314+0300 - INFO - Вход в эндпойнт с созданием refresh-токена!]
[2025-11-11T19:10:04.353572+0300 - INFO - Был создан refresh-токен на основе {'sub': 'pupsik', 'role': 'guest', 'id': 2, 'exp': datetime.datetime(2025, 11, 18, 16, 10, 4, 353556, tzinfo=datetime.timezone.utc)}]
[2025-11-11T19:10:04.353878+0300 - INFO - Все токены успешно созданы и переданы в JSON-формате! Выход из эндпойнта!]
[2025-11-11T19:10:04.355180+0300 - INFO - Request to /users/token successfully accessed!]
[2025-11-11T19:14:02.137404+0300 - INFO - Вход в эндпойнт для получения нового access-токена!]
[2025-11-11T19:14:02.137866+0300 - INFO - Обработка refresh-токена!]
[2025-11-11T19:14:02.138660+0300 - INFO - Поиск пользователя по логину в БД!]
[2025-11-11T19:14:02.141836+0300 - INFO - Создание нового access-токена!]
[2025-11-11T19:14:02.142071+0300 - INFO - Вход в эндпойнт с созданием access-токена!]
[2025-11-11T19:14:02.142257+0300 - INFO - Был создан access-токен на основе {'sub': 'pupsik', 'role': 'guest', 'id': 2, 'exp': datetime.datetime(2025, 11, 11, 16, 44, 2, 142243, tzinfo=datetime.timezone.utc)}]
[2025-11-11T19:14:02.142635+0300 - INFO - Новый access-токен создан и передан в JSON-формате!]
[2025-11-11T19:14:02.143840+0300 - INFO - Request to /users/refresh-token successfully accessed!]
